build/intermediates/manifest_merge_blame_file/debug/manifest-merger-blame-debug-report.txt
1<?xml version="1.0" encoding="utf-8"?>
2<manifest xmlns:android="http://schemas.android.com/apk/res/android"
3    package="com.vicon.app"
4    android:versionCode="3"
5    android:versionName="1.0" >
6
7    <uses-sdk
7-->src\main\AndroidManifest.xml:5:3-7:39
8        android:minSdkVersion="27"
8-->src\main\AndroidManifest.xml:6:7-33
9        android:targetSdkVersion="31" />
9-->src\main\AndroidManifest.xml:7:7-36
10
11    <!-- For loading images from gallery -->
12    <uses-permission android:name="android.permission.READ_EXTERNAL_STORAGE" />
12-->src\main\AndroidManifest.xml:10:3-78
12-->src\main\AndroidManifest.xml:10:20-75
13    <!-- For using the camera -->
14    <uses-permission android:name="android.permission.CAMERA" />
14-->src\main\AndroidManifest.xml:12:3-63
14-->src\main\AndroidManifest.xml:12:20-60
15
16    <uses-feature android:name="android.hardware.camera" />
16-->src\main\AndroidManifest.xml:13:3-58
16-->src\main\AndroidManifest.xml:13:17-55
17    <!-- For logging solution events -->
18    <uses-permission android:name="android.permission.INTERNET" />
18-->src\main\AndroidManifest.xml:15:3-65
18-->src\main\AndroidManifest.xml:15:20-62
19    <uses-permission android:name="android.permission.ACCESS_NETWORK_STATE" />
19-->src\main\AndroidManifest.xml:16:3-77
19-->src\main\AndroidManifest.xml:16:20-74
20    <uses-permission android:name="android.permission.RECORD_AUDIO" />
20-->src\main\AndroidManifest.xml:17:3-69
20-->src\main\AndroidManifest.xml:17:20-66
21    <uses-permission android:name="android.Manifest.permission.READ_EXTERNAL_STORAGE" />
21-->src\main\AndroidManifest.xml:18:3-87
21-->src\main\AndroidManifest.xml:18:20-84
22    <uses-permission android:name="android.permission.WRITE_EXTERNAL_STORAGE" />
22-->src\main\AndroidManifest.xml:19:3-79
22-->src\main\AndroidManifest.xml:19:20-76
23
24    <queries>
24-->src\main\AndroidManifest.xml:21:3-25:13
25        <intent>
25-->src\main\AndroidManifest.xml:22:5-24:14
26            <action android:name="com.google.android.youtube.api.service.START" />
26-->src\main\AndroidManifest.xml:23:7-77
26-->src\main\AndroidManifest.xml:23:15-74
27        </intent>
28    </queries>
29    <queries>
29-->src\main\AndroidManifest.xml:21:3-25:13
30        <intent>
30-->src\main\AndroidManifest.xml:27:5-29:14
31            <action android:name="android.speech.RecognitionService" />
31-->src\main\AndroidManifest.xml:28:7-66
31-->src\main\AndroidManifest.xml:28:15-63
32        </intent>
33    </queries>
34
35    <application
35-->src\main\AndroidManifest.xml:31:3-61:17
36        android:allowBackup="true"
36-->src\main\AndroidManifest.xml:33:7-33
37        android:appComponentFactory="androidx.core.app.CoreComponentFactory"
37-->[androidx.core:core:1.7.0] AndroidManifest.xml:24:18-86
38        android:debuggable="true"
39        android:extractNativeLibs="false"
40        android:icon="@mipmap/ic_launcher"
40-->src\main\AndroidManifest.xml:34:7-41
41        android:label="capstone"
41-->src\main\AndroidManifest.xml:35:7-31
42        android:largeHeap="true"
42-->src\main\AndroidManifest.xml:32:7-31
43        android:roundIcon="@mipmap/ic_launcher_round"
43-->src\main\AndroidManifest.xml:36:7-52
44        android:supportsRtl="true"
44-->src\main\AndroidManifest.xml:37:7-33
45        android:testOnly="true"
46        android:theme="@style/Theme.MyApplication" >
46-->src\main\AndroidManifest.xml:38:7-49
47        <activity
47-->src\main\AndroidManifest.xml:39:5-49:16
48            android:name="com.google.mediapipe.examples.hands.StartActivity"
48-->src\main\AndroidManifest.xml:39:15-44
49            android:configChanges="orientation|keyboardHidden"
49-->src\main\AndroidManifest.xml:42:9-59
50            android:exported="true"
50-->src\main\AndroidManifest.xml:40:9-32
51            android:screenOrientation="portrait" >
51-->src\main\AndroidManifest.xml:41:9-45
52            <intent-filter>
52-->src\main\AndroidManifest.xml:44:7-48:23
53                <action android:name="android.intent.action.MAIN" />
53-->src\main\AndroidManifest.xml:45:9-61
53-->src\main\AndroidManifest.xml:45:17-58
54
55                <category android:name="android.intent.category.LAUNCHER" />
55-->src\main\AndroidManifest.xml:47:9-69
55-->src\main\AndroidManifest.xml:47:19-66
56            </intent-filter>
57        </activity>
58        <activity android:name="com.google.mediapipe.examples.hands.Setup" />
58-->src\main\AndroidManifest.xml:50:5-38
58-->src\main\AndroidManifest.xml:50:15-36
59        <activity
59-->src\main\AndroidManifest.xml:51:5-55:11
60            android:name="com.google.mediapipe.examples.hands.SearchYoutube"
60-->src\main\AndroidManifest.xml:51:15-44
61            android:configChanges="orientation|keyboardHidden"
61-->src\main\AndroidManifest.xml:54:9-59
62            android:exported="true"
62-->src\main\AndroidManifest.xml:52:9-32
63            android:screenOrientation="portrait" />
63-->src\main\AndroidManifest.xml:53:9-45
64        <activity
64-->src\main\AndroidManifest.xml:56:5-60:34
65            android:name="com.google.mediapipe.examples.hands.MainActivity"
65-->src\main\AndroidManifest.xml:56:15-43
66            android:configChanges="orientation|screenSize|keyboardHidden|smallestScreenSize|screenLayout"
66-->src\main\AndroidManifest.xml:57:9-102
67            android:exported="true"
67-->src\main\AndroidManifest.xml:60:9-32
68            android:screenOrientation="portrait"
68-->src\main\AndroidManifest.xml:58:9-45
69            android:theme="@style/Theme.AppCompat.NoActionBar" />
69-->src\main\AndroidManifest.xml:59:9-59
70
71        <provider
71-->[androidx.emoji2:emoji2:1.0.0] AndroidManifest.xml:26:9-34:20
72            android:name="androidx.startup.InitializationProvider"
72-->[androidx.emoji2:emoji2:1.0.0] AndroidManifest.xml:27:13-67
73            android:authorities="com.vicon.app.androidx-startup"
73-->[androidx.emoji2:emoji2:1.0.0] AndroidManifest.xml:28:13-68
74            android:exported="false" >
74-->[androidx.emoji2:emoji2:1.0.0] AndroidManifest.xml:29:13-37
75            <meta-data
75-->[androidx.emoji2:emoji2:1.0.0] AndroidManifest.xml:31:13-33:52
76                android:name="androidx.emoji2.text.EmojiCompatInitializer"
76-->[androidx.emoji2:emoji2:1.0.0] AndroidManifest.xml:32:17-75
77                android:value="androidx.startup" />
77-->[androidx.emoji2:emoji2:1.0.0] AndroidManifest.xml:33:17-49
78            <meta-data
78-->[androidx.lifecycle:lifecycle-process:2.4.0] AndroidManifest.xml:31:13-33:52
79                android:name="androidx.lifecycle.ProcessLifecycleInitializer"
79-->[androidx.lifecycle:lifecycle-process:2.4.0] AndroidManifest.xml:32:17-78
80                android:value="androidx.startup" />
80-->[androidx.lifecycle:lifecycle-process:2.4.0] AndroidManifest.xml:33:17-49
81        </provider>
82
83        <service
83-->[com.google.android.datatransport:transport-backend-cct:3.1.0] AndroidManifest.xml:29:9-35:19
84            android:name="com.google.android.datatransport.runtime.backends.TransportBackendDiscovery"
84-->[com.google.android.datatransport:transport-backend-cct:3.1.0] AndroidManifest.xml:30:13-103
85            android:exported="false" >
85-->[com.google.android.datatransport:transport-backend-cct:3.1.0] AndroidManifest.xml:31:13-37
86            <meta-data
86-->[com.google.android.datatransport:transport-backend-cct:3.1.0] AndroidManifest.xml:32:13-34:39
87                android:name="backend:com.google.android.datatransport.cct.CctBackendFactory"
87-->[com.google.android.datatransport:transport-backend-cct:3.1.0] AndroidManifest.xml:33:17-94
88                android:value="cct" />
88-->[com.google.android.datatransport:transport-backend-cct:3.1.0] AndroidManifest.xml:34:17-36
89        </service>
90        <service
90-->[com.google.android.datatransport:transport-runtime:3.1.0] AndroidManifest.xml:26:9-30:19
91            android:name="com.google.android.datatransport.runtime.scheduling.jobscheduling.JobInfoSchedulerService"
91-->[com.google.android.datatransport:transport-runtime:3.1.0] AndroidManifest.xml:27:13-117
92            android:exported="false"
92-->[com.google.android.datatransport:transport-runtime:3.1.0] AndroidManifest.xml:28:13-37
93            android:permission="android.permission.BIND_JOB_SERVICE" >
93-->[com.google.android.datatransport:transport-runtime:3.1.0] AndroidManifest.xml:29:13-69
94        </service>
95
96        <receiver
96-->[com.google.android.datatransport:transport-runtime:3.1.0] AndroidManifest.xml:32:9-34:40
97            android:name="com.google.android.datatransport.runtime.scheduling.jobscheduling.AlarmManagerSchedulerBroadcastReceiver"
97-->[com.google.android.datatransport:transport-runtime:3.1.0] AndroidManifest.xml:33:13-132
98            android:exported="false" />
98-->[com.google.android.datatransport:transport-runtime:3.1.0] AndroidManifest.xml:34:13-37
99    </application>
100
101</manifest>